Build started 15/08/2018 11:20:08.
     1>Project "C:\local\dev\hologram_engine\wgl_gratingsandlenses\wgl_gratingsandlenses.vcxproj" on node 2 (Build target(s)).
     1>ClCompile:
         C:\Program Files (x86)\Microsoft Visual Studio 12.0\VC\bin\CL.exe /c /ZI /nologo /W3 /WX- /Od /Oy- /D WIN32 /D _DEBUG /D _WINDOWS /D _UNICODE /D UNICODE /Gm /EHsc /RTC1 /MTd /GS /fp:precise /Zc:wchar_t /Zc:forScope /Fo"Debug\\" /Fd"Debug\vc120.pdb" /Gd /TP /analyze- /errorReport:prompt wgl_gratingsandlenses.cpp
         wgl_gratingsandlenses.cpp
     1>c:\local\dev\hologram_engine\wgl_gratingsandlenses\callbacks.cpp(226): warning C4996: 'sprintf': This function or variable may be unsafe. Consider using sprintf_s instead. To disable deprecation, use _CRT_SECURE_NO_WARNINGS. See online help for details.
                 c:\program files (x86)\microsoft visual studio 12.0\vc\include\stdio.h(356) : see declaration of 'sprintf'
     1>c:\local\dev\hologram_engine\wgl_gratingsandlenses\wgl_gratingsandlenses.cpp(41): warning C4996: 'wcstombs': This function or variable may be unsafe. Consider using wcstombs_s instead. To disable deprecation, use _CRT_SECURE_NO_WARNINGS. See online help for details.
                 c:\program files (x86)\microsoft visual studio 12.0\vc\include\stdlib.h(575) : see declaration of 'wcstombs'
     1>c:\local\dev\hologram_engine\wgl_gratingsandlenses\wgl_gratingsandlenses.cpp(44): warning C4996: 'sscanf': This function or variable may be unsafe. Consider using sscanf_s instead. To disable deprecation, use _CRT_SECURE_NO_WARNINGS. See online help for details.
                 c:\program files (x86)\microsoft visual studio 12.0\vc\include\stdio.h(304) : see declaration of 'sscanf'
     1>c:\local\dev\hologram_engine\wgl_gratingsandlenses\wgl_gratingsandlenses.cpp(51): warning C4996: 'sprintf': This function or variable may be unsafe. Consider using sprintf_s instead. To disable deprecation, use _CRT_SECURE_NO_WARNINGS. See online help for details.
                 c:\program files (x86)\microsoft visual studio 12.0\vc\include\stdio.h(356) : see declaration of 'sprintf'
       Link:
         C:\Program Files (x86)\Microsoft Visual Studio 12.0\VC\bin\link.exe /ERRORREPORT:PROMPT /OUT:"C:\local\dev\hologram_engine\Debug\wgl_gratingsandlenses.exe" /INCREMENTAL /NOLOGO opengl32.lib glu32.lib Ws2_32.lib glew32s.lib kernel32.lib user32.lib gdi32.lib winspool.lib comdlg32.lib advapi32.lib shell32.lib ole32.lib oleaut32.lib uuid.lib odbc32.lib odbccp32.lib /NODEFAULTLIB:libc /MANIFEST /MANIFESTUAC:"level='asInvoker' uiAccess='false'" /manifest:embed /DEBUG /PDB:"C:\local\dev\hologram_engine\Debug\wgl_gratingsandlenses.pdb" /SUBSYSTEM:WINDOWS /TLBID:1 /DYNAMICBASE /NXCOMPAT /IMPLIB:"C:\local\dev\hologram_engine\Debug\wgl_gratingsandlenses.lib" /MACHINE:X86 /SAFESEH Debug\wgl_gratingsandlenses.res
         Debug\GPGPU.obj
         Debug\skipline.obj
         Debug\UDPServer.obj
         Debug\wgl_gratingsandlenses.obj
     1>GPGPU.obj : warning LNK4075: ignoring '/EDITANDCONTINUE' due to '/SAFESEH' specification
     1>LIBCMT.lib(invarg.obj) : error LNK2005: "void __cdecl _invalid_parameter(unsigned short const *,unsigned short const *,unsigned short const *,unsigned int,unsigned int)" (?_invalid_parameter@@YAXPBG00II@Z) already defined in LIBCMTD.lib(invarg.obj)
     1>LIBCMT.lib(invarg.obj) : error LNK2005: "void __cdecl _invoke_watson(unsigned short const *,unsigned short const *,unsigned short const *,unsigned int,unsigned int)" (?_invoke_watson@@YAXPBG00II@Z) already defined in LIBCMTD.lib(invarg.obj)
     1>LIBCMT.lib(invarg.obj) : error LNK2005: __call_reportfault already defined in LIBCMTD.lib(invarg.obj)
     1>LIBCMT.lib(invarg.obj) : error LNK2005: __get_invalid_parameter_handler already defined in LIBCMTD.lib(invarg.obj)
     1>LIBCMT.lib(invarg.obj) : error LNK2005: __initp_misc_invarg already defined in LIBCMTD.lib(invarg.obj)
     1>LIBCMT.lib(invarg.obj) : error LNK2005: __invalid_parameter already defined in LIBCMTD.lib(invarg.obj)
     1>LIBCMT.lib(invarg.obj) : error LNK2005: __invoke_watson already defined in LIBCMTD.lib(invarg.obj)
     1>LIBCMT.lib(invarg.obj) : error LNK2005: __set_invalid_parameter_handler already defined in LIBCMTD.lib(invarg.obj)
     1>LIBCMT.lib(invarg.obj) : error LNK2005: ___pInvalidArgHandler already defined in LIBCMTD.lib(invarg.obj)
     1>LINK : warning LNK4098: defaultlib 'LIBCMT' conflicts with use of other libs; use /NODEFAULTLIB:library
     1>C:\local\dev\hologram_engine\Debug\wgl_gratingsandlenses.exe : fatal error LNK1169: one or more multiply defined symbols found
     1>Done Building Project "C:\local\dev\hologram_engine\wgl_gratingsandlenses\wgl_gratingsandlenses.vcxproj" (Build target(s)) -- FAILED.

Build FAILED.

Time Elapsed 00:00:01.10
