c:\local\dev\hologram_engine\wgl_gratingsandlenses\debug\vc120.pdb
c:\local\dev\hologram_engine\wgl_gratingsandlenses\debug\vc120.idb
c:\local\dev\hologram_engine\wgl_gratingsandlenses\debug\gpgpu.obj
c:\local\dev\hologram_engine\wgl_gratingsandlenses\debug\skipline.obj
c:\local\dev\hologram_engine\wgl_gratingsandlenses\debug\udpserver.obj
c:\local\dev\hologram_engine\wgl_gratingsandlenses\debug\wgl_gratingsandlenses.obj
c:\local\dev\hologram_engine\wgl_gratingsandlenses\debug\wgl_gratingsandlenses.res
c:\local\dev\hologram_engine\debug\wgl_gratingsandlenses.pdb
c:\local\dev\hologram_engine\wgl_gratingsandlenses\debug\wgl_grat.79f37f93.tlog\cl.command.1.tlog
c:\local\dev\hologram_engine\wgl_gratingsandlenses\debug\wgl_grat.79f37f93.tlog\cl.read.1.tlog
c:\local\dev\hologram_engine\wgl_gratingsandlenses\debug\wgl_grat.79f37f93.tlog\cl.write.1.tlog
c:\local\dev\hologram_engine\wgl_gratingsandlenses\debug\wgl_grat.79f37f93.tlog\link-cvtres.read.1.tlog
c:\local\dev\hologram_engine\wgl_gratingsandlenses\debug\wgl_grat.79f37f93.tlog\link-cvtres.write.1.tlog
c:\local\dev\hologram_engine\wgl_gratingsandlenses\debug\wgl_grat.79f37f93.tlog\link-rc.read.1.tlog
c:\local\dev\hologram_engine\wgl_gratingsandlenses\debug\wgl_grat.79f37f93.tlog\link-rc.write.1.tlog
c:\local\dev\hologram_engine\wgl_gratingsandlenses\debug\wgl_grat.79f37f93.tlog\link.command.1.tlog
c:\local\dev\hologram_engine\wgl_gratingsandlenses\debug\wgl_grat.79f37f93.tlog\link.read.1.tlog
c:\local\dev\hologram_engine\wgl_gratingsandlenses\debug\wgl_grat.79f37f93.tlog\link.write.1.tlog
c:\local\dev\hologram_engine\wgl_gratingsandlenses\debug\wgl_grat.79f37f93.tlog\rc.command.1.tlog
c:\local\dev\hologram_engine\wgl_gratingsandlenses\debug\wgl_grat.79f37f93.tlog\rc.read.1.tlog
c:\local\dev\hologram_engine\wgl_gratingsandlenses\debug\wgl_grat.79f37f93.tlog\rc.write.1.tlog
